2023-03-15 09:11:28.350 INFO  c.T.TicTacToeBot.app.Application - Starting Application using Java 17.0.2 with PID 13320 (C:\Users\LAP-6\Documents\HTML\Tic_tac_toe\TicTacToeBot.app\target\classes started by LAP-6 in C:\Users\LAP-6\Documents\HTML\Tic_tac_toe\TicTacToeBot.app)
2023-03-15 09:11:28.357 INFO  c.T.TicTacToeBot.app.Application - No active profile set, falling back to 1 default profile: "default"
2023-03-15 09:11:29.666 INFO  o.s.b.w.e.tomcat.TomcatWebServer - Tomcat initialized with port(s): 8080 (http)
2023-03-15 09:11:29.677 INFO  o.a.coyote.http11.Http11NioProtocol - Initializing ProtocolHandler ["http-nio-8080"]
2023-03-15 09:11:29.679 INFO  o.a.catalina.core.StandardService - Starting service [Tomcat]
2023-03-15 09:11:29.681 INFO  o.a.catalina.core.StandardEngine - Starting Servlet engine: [Apache Tomcat/10.1.5]
2023-03-15 09:11:29.824 INFO  o.a.c.c.C.[Tomcat].[localhost].[/] - Initializing Spring embedded WebApplicationContext
2023-03-15 09:11:29.824 INFO  o.s.b.w.s.c.ServletWebServerApplicationContext - Root WebApplicationContext: initialization completed in 1399 ms
2023-03-15 09:11:31.575 INFO  o.a.coyote.http11.Http11NioProtocol - Starting ProtocolHandler ["http-nio-8080"]
2023-03-15 09:11:31.641 INFO  o.s.b.w.e.tomcat.TomcatWebServer - Tomcat started on port(s): 8080 (http) with context path ''
2023-03-15 09:11:31.659 INFO  c.T.TicTacToeBot.app.Application - Started Application in 3.756 seconds (process running for 4.523)
2023-03-15 09:13:20.072 INFO  o.a.c.c.C.[Tomcat].[localhost].[/] - Initializing Spring DispatcherServlet 'dispatcherServlet'
2023-03-15 09:13:20.072 INFO  o.s.web.servlet.DispatcherServlet - Initializing Servlet 'dispatcherServlet'
2023-03-15 09:13:20.079 INFO  o.s.web.servlet.DispatcherServlet - Completed initialization in 7 ms
2023-03-15 09:13:20.337 INFO  c.T.T.app.Service.BotService - Bot Move: 0
2023-03-15 09:13:21.834 INFO  c.T.T.app.Service.BotService - Bot Move: 6
2023-03-15 09:13:23.676 INFO  c.T.T.app.Service.BotService - Bot Move: 5
2023-03-15 09:13:25.675 INFO  c.T.T.app.Service.BotService - Bot Move: 1
2023-03-15 09:13:56.043 INFO  c.T.T.app.Service.BotService - Bot Move: 0
2023-03-15 09:14:25.689 INFO  c.T.T.app.Service.BotService - Bot Move: 3
2023-03-15 09:14:28.368 WARN  o.s.w.s.m.s.DefaultHandlerExceptionResolver - Resolved [org.springframework.web.HttpRequestMethodNotSupportedException: Request method 'GET' is not supported]
2023-03-15 09:18:10.288 INFO  c.T.T.app.Service.BotService - Bot Move: 8
2023-03-15 09:18:11.941 INFO  c.T.T.app.Service.BotService - Bot Move: 2
2023-03-15 09:18:13.258 INFO  c.T.T.app.Service.BotService - Bot Move: 3
2023-03-15 09:18:14.493 INFO  c.T.T.app.Service.BotService - Bot Move: 7
2023-03-15 09:18:26.053 INFO  c.T.T.app.Service.BotService - Bot Move: 0
2023-03-15 09:18:27.328 INFO  c.T.T.app.Service.BotService - Bot Move: 6
2023-03-15 09:19:22.932 INFO  c.T.T.app.Service.BotService - Bot Move: 6
2023-03-15 09:19:26.679 INFO  c.T.T.app.Service.BotService - Bot Move: 0
2023-03-15 09:19:28.204 INFO  c.T.T.app.Service.BotService - Bot Move: 1
2023-03-15 09:19:29.612 INFO  c.T.T.app.Service.BotService - Bot Move: 2
2023-03-15 09:19:49.320 INFO  c.T.T.app.Service.BotService - Bot Move: 0
2023-03-15 09:20:12.042 INFO  c.T.T.app.Service.BotService - Bot Move: 6
2023-03-15 09:20:13.838 INFO  c.T.T.app.Service.BotService - Bot Move: 5
2023-03-15 09:21:26.422 INFO  c.T.T.app.Service.BotService - Bot Move: 5
2023-03-15 09:21:27.416 INFO  c.T.T.app.Service.BotService - Bot Move: 7
2023-03-15 09:44:35.574 INFO  c.T.TicTacToeBot.app.Application - Starting Application using Java 17.0.2 with PID 10112 (C:\Users\LAP-6\Documents\HTML\Tic_tac_toe\TicTacToeBot.app\target\classes started by LAP-6 in C:\Users\LAP-6\Documents\HTML\Tic_tac_toe\TicTacToeBot.app)
2023-03-15 09:44:35.580 INFO  c.T.TicTacToeBot.app.Application - No active profile set, falling back to 1 default profile: "default"
2023-03-15 09:44:37.111 INFO  o.s.b.w.e.tomcat.TomcatWebServer - Tomcat initialized with port(s): 8080 (http)
2023-03-15 09:44:37.123 INFO  o.a.coyote.http11.Http11NioProtocol - Initializing ProtocolHandler ["http-nio-8080"]
2023-03-15 09:44:37.124 INFO  o.a.catalina.core.StandardService - Starting service [Tomcat]
2023-03-15 09:44:37.125 INFO  o.a.catalina.core.StandardEngine - Starting Servlet engine: [Apache Tomcat/10.1.5]
2023-03-15 09:44:37.270 INFO  o.a.c.c.C.[Tomcat].[localhost].[/] - Initializing Spring embedded WebApplicationContext
2023-03-15 09:44:37.271 INFO  o.s.b.w.s.c.ServletWebServerApplicationContext - Root WebApplicationContext: initialization completed in 1619 ms
2023-03-15 09:44:38.701 WARN  o.s.b.a.s.s.UserDetailsServiceAutoConfiguration - 

Using generated security password: e45f1782-88bc-4945-94fb-6143d81e63e3

This generated password is for development use only. Your security configuration must be updated before running your application in production.

2023-03-15 09:44:39.258 INFO  o.s.s.web.DefaultSecurityFilterChain - Will secure any request with [org.springframework.security.web.session.DisableEncodeUrlFilter@2199e845, org.springframework.security.web.context.request.async.WebAsyncManagerIntegrationFilter@27976390, org.springframework.security.web.context.SecurityContextHolderFilter@7a65a360, org.springframework.security.web.header.HeaderWriterFilter@7c46c9c3, org.springframework.security.web.csrf.CsrfFilter@421d54b3, org.springframework.security.web.authentication.logout.LogoutFilter@377949f1, org.springframework.security.web.authentication.UsernamePasswordAuthenticationFilter@7fd99443, org.springframework.security.web.authentication.ui.DefaultLoginPageGeneratingFilter@521441d5, org.springframework.security.web.authentication.ui.DefaultLogoutPageGeneratingFilter@37e0056e, org.springframework.security.web.authentication.www.BasicAuthenticationFilter@1ef31f71, org.springframework.security.web.savedrequest.RequestCacheAwareFilter@7cff3f1d, org.springframework.security.web.servletapi.SecurityContextHolderAwareRequestFilter@3daf03d8, org.springframework.security.web.authentication.AnonymousAuthenticationFilter@415795f3, org.springframework.security.web.access.ExceptionTranslationFilter@6fa02932, org.springframework.security.web.access.intercept.AuthorizationFilter@4a70d302]
2023-03-15 09:44:39.379 INFO  o.a.coyote.http11.Http11NioProtocol - Starting ProtocolHandler ["http-nio-8080"]
2023-03-15 09:44:39.457 INFO  o.s.b.w.e.tomcat.TomcatWebServer - Tomcat started on port(s): 8080 (http) with context path ''
2023-03-15 09:44:39.492 INFO  c.T.TicTacToeBot.app.Application - Started Application in 4.607 seconds (process running for 5.637)
2023-03-15 09:44:48.342 INFO  o.a.c.c.C.[Tomcat].[localhost].[/] - Initializing Spring DispatcherServlet 'dispatcherServlet'
2023-03-15 09:44:48.348 INFO  o.s.web.servlet.DispatcherServlet - Initializing Servlet 'dispatcherServlet'
2023-03-15 09:44:48.348 INFO  o.s.web.servlet.DispatcherServlet - Completed initialization in 0 ms
2023-03-15 10:19:34.485 INFO  c.T.TicTacToeBot.app.Application - Starting Application using Java 17.0.2 with PID 8516 (C:\Users\LAP-6\Documents\HTML\Tic_tac_toe\TicTacToeBot.app\target\classes started by LAP-6 in C:\Users\LAP-6\Documents\HTML\Tic_tac_toe\TicTacToeBot.app)
2023-03-15 10:19:34.488 INFO  c.T.TicTacToeBot.app.Application - No active profile set, falling back to 1 default profile: "default"
2023-03-15 10:19:36.018 INFO  o.s.b.w.e.tomcat.TomcatWebServer - Tomcat initialized with port(s): 8080 (http)
2023-03-15 10:19:36.029 INFO  o.a.coyote.http11.Http11NioProtocol - Initializing ProtocolHandler ["http-nio-8080"]
2023-03-15 10:19:36.030 INFO  o.a.catalina.core.StandardService - Starting service [Tomcat]
2023-03-15 10:19:36.030 INFO  o.a.catalina.core.StandardEngine - Starting Servlet engine: [Apache Tomcat/10.1.5]
2023-03-15 10:19:36.199 INFO  o.a.c.c.C.[Tomcat].[localhost].[/] - Initializing Spring embedded WebApplicationContext
2023-03-15 10:19:36.199 INFO  o.s.b.w.s.c.ServletWebServerApplicationContext - Root WebApplicationContext: initialization completed in 1649 ms
2023-03-15 10:19:37.382 WARN  o.s.b.a.s.s.UserDetailsServiceAutoConfiguration - 

Using generated security password: 98ae5efe-6b52-4ee7-abb6-eb21b045363f

This generated password is for development use only. Your security configuration must be updated before running your application in production.

2023-03-15 10:19:37.535 INFO  o.s.s.web.DefaultSecurityFilterChain - Will secure any request with [org.springframework.security.web.session.DisableEncodeUrlFilter@3a1b36a1, org.springframework.security.web.context.request.async.WebAsyncManagerIntegrationFilter@5e1a986c, org.springframework.security.web.context.SecurityContextHolderFilter@7fd99443, org.springframework.security.web.header.HeaderWriterFilter@4b765e92, org.springframework.security.web.csrf.CsrfFilter@4017fe2c, org.springframework.security.web.authentication.logout.LogoutFilter@29f3c438, org.springframework.security.web.authentication.UsernamePasswordAuthenticationFilter@643ba1ed, org.springframework.security.web.authentication.ui.DefaultLoginPageGeneratingFilter@6e8fdd19, org.springframework.security.web.authentication.ui.DefaultLogoutPageGeneratingFilter@4b55ff0a, org.springframework.security.web.authentication.www.BasicAuthenticationFilter@7a83ccd2, org.springframework.security.web.savedrequest.RequestCacheAwareFilter@6a3fbcb1, org.springframework.security.web.servletapi.SecurityContextHolderAwareRequestFilter@1213ffbc, org.springframework.security.web.authentication.AnonymousAuthenticationFilter@46a795de, org.springframework.security.web.access.ExceptionTranslationFilter@715fa8c5, org.springframework.security.web.access.intercept.AuthorizationFilter@27960b1e]
2023-03-15 10:19:37.567 INFO  o.a.coyote.http11.Http11NioProtocol - Starting ProtocolHandler ["http-nio-8080"]
2023-03-15 10:19:37.613 INFO  o.s.b.w.e.tomcat.TomcatWebServer - Tomcat started on port(s): 8080 (http) with context path ''
2023-03-15 10:19:37.630 INFO  c.T.TicTacToeBot.app.Application - Started Application in 3.559 seconds (process running for 4.258)
2023-03-15 10:20:33.347 INFO  o.a.c.c.C.[Tomcat].[localhost].[/] - Initializing Spring DispatcherServlet 'dispatcherServlet'
2023-03-15 10:20:33.347 INFO  o.s.web.servlet.DispatcherServlet - Initializing Servlet 'dispatcherServlet'
2023-03-15 10:20:33.348 INFO  o.s.web.servlet.DispatcherServlet - Completed initialization in 1 ms
2023-03-15 10:23:21.515 INFO  c.T.TicTacToeBot.app.Application - Starting Application using Java 17.0.2 with PID 13704 (C:\Users\LAP-6\Documents\HTML\Tic_tac_toe\TicTacToeBot.app\target\classes started by LAP-6 in C:\Users\LAP-6\Documents\HTML\Tic_tac_toe\TicTacToeBot.app)
2023-03-15 10:23:21.547 INFO  c.T.TicTacToeBot.app.Application - No active profile set, falling back to 1 default profile: "default"
2023-03-15 10:23:22.743 INFO  o.s.b.w.e.tomcat.TomcatWebServer - Tomcat initialized with port(s): 8080 (http)
2023-03-15 10:23:22.755 INFO  o.a.coyote.http11.Http11NioProtocol - Initializing ProtocolHandler ["http-nio-8080"]
2023-03-15 10:23:22.757 INFO  o.a.catalina.core.StandardService - Starting service [Tomcat]
2023-03-15 10:23:22.757 INFO  o.a.catalina.core.StandardEngine - Starting Servlet engine: [Apache Tomcat/10.1.5]
2023-03-15 10:23:22.884 INFO  o.a.c.c.C.[Tomcat].[localhost].[/] - Initializing Spring embedded WebApplicationContext
2023-03-15 10:23:22.904 INFO  o.s.b.w.s.c.ServletWebServerApplicationContext - Root WebApplicationContext: initialization completed in 1294 ms
2023-03-15 10:23:23.938 INFO  o.a.coyote.http11.Http11NioProtocol - Starting ProtocolHandler ["http-nio-8080"]
2023-03-15 10:23:23.960 INFO  o.s.b.w.e.tomcat.TomcatWebServer - Tomcat started on port(s): 8080 (http) with context path ''
2023-03-15 10:23:23.975 INFO  c.T.TicTacToeBot.app.Application - Started Application in 2.83 seconds (process running for 3.512)
2023-03-15 10:23:44.178 INFO  o.a.c.c.C.[Tomcat].[localhost].[/] - Initializing Spring DispatcherServlet 'dispatcherServlet'
2023-03-15 10:23:44.178 INFO  o.s.web.servlet.DispatcherServlet - Initializing Servlet 'dispatcherServlet'
2023-03-15 10:23:44.178 INFO  o.s.web.servlet.DispatcherServlet - Completed initialization in 0 ms
2023-03-15 10:23:44.465 INFO  c.T.T.app.Service.BotService - Bot Move: 0
2023-03-15 10:23:46.179 INFO  c.T.T.app.Service.BotService - Bot Move: 7
2023-03-15 10:38:26.904 INFO  c.T.TicTacToeBot.app.Application - Starting Application using Java 17.0.2 with PID 9416 (C:\Users\LAP-6\Documents\HTML\Tic_tac_toe\TicTacToeBot.app\target\classes started by LAP-6 in C:\Users\LAP-6\Documents\HTML\Tic_tac_toe\TicTacToeBot.app)
2023-03-15 10:38:26.907 INFO  c.T.TicTacToeBot.app.Application - No active profile set, falling back to 1 default profile: "default"
2023-03-15 10:38:28.296 INFO  o.s.b.w.e.tomcat.TomcatWebServer - Tomcat initialized with port(s): 8080 (http)
2023-03-15 10:38:28.305 INFO  o.a.coyote.http11.Http11NioProtocol - Initializing ProtocolHandler ["http-nio-8080"]
2023-03-15 10:38:28.306 INFO  o.a.catalina.core.StandardService - Starting service [Tomcat]
2023-03-15 10:38:28.307 INFO  o.a.catalina.core.StandardEngine - Starting Servlet engine: [Apache Tomcat/10.1.5]
2023-03-15 10:38:28.435 INFO  o.a.c.c.C.[Tomcat].[localhost].[/] - Initializing Spring embedded WebApplicationContext
2023-03-15 10:38:28.436 INFO  o.s.b.w.s.c.ServletWebServerApplicationContext - Root WebApplicationContext: initialization completed in 1475 ms
2023-03-15 10:38:29.540 WARN  o.s.b.a.s.s.UserDetailsServiceAutoConfiguration - 

Using generated security password: ab41bb15-2779-44ca-83bb-ab3e82aac501

This generated password is for development use only. Your security configuration must be updated before running your application in production.

2023-03-15 10:38:29.666 INFO  o.s.s.web.DefaultSecurityFilterChain - Will secure any request with [org.springframework.security.web.session.DisableEncodeUrlFilter@6f731759, org.springframework.security.web.context.request.async.WebAsyncManagerIntegrationFilter@1f84327b, org.springframework.security.web.context.SecurityContextHolderFilter@7f0a133d, org.springframework.security.web.header.HeaderWriterFilter@377949f1, org.springframework.security.web.csrf.CsrfFilter@373afd6c, org.springframework.security.web.authentication.logout.LogoutFilter@5e50df2e, org.springframework.security.web.authentication.UsernamePasswordAuthenticationFilter@613f7eb7, org.springframework.security.web.authentication.ui.DefaultLoginPageGeneratingFilter@15d3793b, org.springframework.security.web.authentication.ui.DefaultLogoutPageGeneratingFilter@39549f33, org.springframework.security.web.authentication.www.BasicAuthenticationFilter@153cb763, org.springframework.security.web.savedrequest.RequestCacheAwareFilter@715fa8c5, org.springframework.security.web.servletapi.SecurityContextHolderAwareRequestFilter@4a70d302, org.springframework.security.web.authentication.AnonymousAuthenticationFilter@dbddbe3, org.springframework.security.web.access.ExceptionTranslationFilter@7c5df615, org.springframework.security.web.access.intercept.AuthorizationFilter@5dbbb292]
2023-03-15 10:38:29.705 INFO  o.a.coyote.http11.Http11NioProtocol - Starting ProtocolHandler ["http-nio-8080"]
2023-03-15 10:38:29.732 INFO  o.s.b.w.e.tomcat.TomcatWebServer - Tomcat started on port(s): 8080 (http) with context path ''
2023-03-15 10:38:29.750 INFO  c.T.TicTacToeBot.app.Application - Started Application in 3.225 seconds (process running for 3.918)
2023-03-15 10:47:08.527 INFO  c.T.TicTacToeBot.app.Application - Starting Application using Java 17.0.2 with PID 5256 (C:\Users\LAP-6\Documents\HTML\Tic_tac_toe\TicTacToeBot.app\target\classes started by LAP-6 in C:\Users\LAP-6\Documents\HTML\Tic_tac_toe\TicTacToeBot.app)
2023-03-15 10:47:08.530 INFO  c.T.TicTacToeBot.app.Application - No active profile set, falling back to 1 default profile: "default"
2023-03-15 10:47:09.963 INFO  o.s.b.w.e.tomcat.TomcatWebServer - Tomcat initialized with port(s): 8080 (http)
2023-03-15 10:47:09.979 INFO  o.a.coyote.http11.Http11NioProtocol - Initializing ProtocolHandler ["http-nio-8080"]
2023-03-15 10:47:09.980 INFO  o.a.catalina.core.StandardService - Starting service [Tomcat]
2023-03-15 10:47:09.980 INFO  o.a.catalina.core.StandardEngine - Starting Servlet engine: [Apache Tomcat/10.1.5]
2023-03-15 10:47:10.117 INFO  o.a.c.c.C.[Tomcat].[localhost].[/] - Initializing Spring embedded WebApplicationContext
2023-03-15 10:47:10.117 INFO  o.s.b.w.s.c.ServletWebServerApplicationContext - Root WebApplicationContext: initialization completed in 1539 ms
2023-03-15 10:47:11.536 INFO  o.a.coyote.http11.Http11NioProtocol - Starting ProtocolHandler ["http-nio-8080"]
2023-03-15 10:47:11.576 INFO  o.s.b.w.e.tomcat.TomcatWebServer - Tomcat started on port(s): 8080 (http) with context path ''
2023-03-15 10:47:11.594 INFO  c.T.TicTacToeBot.app.Application - Started Application in 3.492 seconds (process running for 4.299)
2023-03-15 10:52:58.368 INFO  c.T.TicTacToeBot.app.Application - Starting Application using Java 17.0.2 with PID 2232 (C:\Users\LAP-6\Documents\HTML\Tic_tac_toe\TicTacToeBot.app\target\classes started by LAP-6 in C:\Users\LAP-6\Documents\HTML\Tic_tac_toe\TicTacToeBot.app)
2023-03-15 10:52:58.371 INFO  c.T.TicTacToeBot.app.Application - No active profile set, falling back to 1 default profile: "default"
2023-03-15 10:52:59.782 INFO  o.s.b.w.e.tomcat.TomcatWebServer - Tomcat initialized with port(s): 8080 (http)
2023-03-15 10:52:59.795 INFO  o.a.coyote.http11.Http11NioProtocol - Initializing ProtocolHandler ["http-nio-8080"]
2023-03-15 10:52:59.796 INFO  o.a.catalina.core.StandardService - Starting service [Tomcat]
2023-03-15 10:52:59.797 INFO  o.a.catalina.core.StandardEngine - Starting Servlet engine: [Apache Tomcat/10.1.5]
2023-03-15 10:52:59.948 INFO  o.a.c.c.C.[Tomcat].[localhost].[/] - Initializing Spring embedded WebApplicationContext
2023-03-15 10:52:59.949 INFO  o.s.b.w.s.c.ServletWebServerApplicationContext - Root WebApplicationContext: initialization completed in 1513 ms
2023-03-15 10:53:01.090 INFO  o.a.coyote.http11.Http11NioProtocol - Starting ProtocolHandler ["http-nio-8080"]
2023-03-15 10:53:01.117 INFO  o.s.b.w.e.tomcat.TomcatWebServer - Tomcat started on port(s): 8080 (http) with context path ''
2023-03-15 10:53:01.136 INFO  c.T.TicTacToeBot.app.Application - Started Application in 3.182 seconds (process running for 3.878)
2023-03-15 10:53:05.486 INFO  o.a.c.c.C.[Tomcat].[localhost].[/] - Initializing Spring DispatcherServlet 'dispatcherServlet'
2023-03-15 10:53:05.487 INFO  o.s.web.servlet.DispatcherServlet - Initializing Servlet 'dispatcherServlet'
2023-03-15 10:53:05.490 INFO  o.s.web.servlet.DispatcherServlet - Completed initialization in 2 ms
2023-03-15 11:05:45.960 INFO  c.T.TicTacToeBot.app.Application - Starting Application using Java 17.0.2 with PID 5020 (C:\Users\LAP-6\Documents\HTML\Tic_tac_toe\TicTacToeBot.app\target\classes started by LAP-6 in C:\Users\LAP-6\Documents\HTML\Tic_tac_toe\TicTacToeBot.app)
2023-03-15 11:05:45.964 INFO  c.T.TicTacToeBot.app.Application - No active profile set, falling back to 1 default profile: "default"
2023-03-15 11:05:47.360 INFO  o.s.b.w.e.tomcat.TomcatWebServer - Tomcat initialized with port(s): 8080 (http)
2023-03-15 11:05:47.372 INFO  o.a.coyote.http11.Http11NioProtocol - Initializing ProtocolHandler ["http-nio-8080"]
2023-03-15 11:05:47.373 INFO  o.a.catalina.core.StandardService - Starting service [Tomcat]
2023-03-15 11:05:47.374 INFO  o.a.catalina.core.StandardEngine - Starting Servlet engine: [Apache Tomcat/10.1.5]
2023-03-15 11:05:47.517 INFO  o.a.c.c.C.[Tomcat].[localhost].[/] - Initializing Spring embedded WebApplicationContext
2023-03-15 11:05:47.517 INFO  o.s.b.w.s.c.ServletWebServerApplicationContext - Root WebApplicationContext: initialization completed in 1494 ms
2023-03-15 11:05:48.855 INFO  o.s.s.web.DefaultSecurityFilterChain - Will secure any request with [org.springframework.security.web.session.DisableEncodeUrlFilter@2f3928ac, org.springframework.security.web.context.request.async.WebAsyncManagerIntegrationFilter@4bf03fee, org.springframework.security.web.context.SecurityContextHolderFilter@55e1192, org.springframework.security.web.header.HeaderWriterFilter@6a3fbcb1, org.springframework.security.web.csrf.CsrfFilter@6b37df8e, org.springframework.security.web.authentication.logout.LogoutFilter@587c5c1, org.springframework.security.web.authentication.UsernamePasswordAuthenticationFilter@412ebe64, org.springframework.security.web.authentication.ui.DefaultLoginPageGeneratingFilter@415795f3, org.springframework.security.web.authentication.ui.DefaultLogoutPageGeneratingFilter@31834a2b, org.springframework.security.web.authentication.www.BasicAuthenticationFilter@4b55ff0a, org.springframework.security.web.savedrequest.RequestCacheAwareFilter@68a305eb, org.springframework.security.web.servletapi.SecurityContextHolderAwareRequestFilter@6e8fdd19, org.springframework.security.web.authentication.AnonymousAuthenticationFilter@44f0ff2b, org.springframework.security.web.access.ExceptionTranslationFilter@7fd99443, org.springframework.security.web.access.intercept.AuthorizationFilter@2c3158e0]
2023-03-15 11:05:48.901 INFO  o.a.coyote.http11.Http11NioProtocol - Starting ProtocolHandler ["http-nio-8080"]
2023-03-15 11:05:48.923 INFO  o.s.b.w.e.tomcat.TomcatWebServer - Tomcat started on port(s): 8080 (http) with context path ''
2023-03-15 11:05:48.934 INFO  c.T.TicTacToeBot.app.Application - Started Application in 3.373 seconds (process running for 4.067)
2023-03-15 12:15:39.717 INFO  c.T.TicTacToeBot.app.Application - Starting Application using Java 17.0.2 with PID 12624 (C:\Users\LAP-6\Documents\HTML\Tic_tac_toe\TicTacToeBot.app\target\classes started by LAP-6 in C:\Users\LAP-6\Documents\HTML\Tic_tac_toe\TicTacToeBot.app)
2023-03-15 12:15:39.720 INFO  c.T.TicTacToeBot.app.Application - No active profile set, falling back to 1 default profile: "default"
2023-03-15 12:15:41.349 INFO  o.s.b.w.e.tomcat.TomcatWebServer - Tomcat initialized with port(s): 8080 (http)
2023-03-15 12:15:41.362 INFO  o.a.coyote.http11.Http11NioProtocol - Initializing ProtocolHandler ["http-nio-8080"]
2023-03-15 12:15:41.363 INFO  o.a.catalina.core.StandardService - Starting service [Tomcat]
2023-03-15 12:15:41.364 INFO  o.a.catalina.core.StandardEngine - Starting Servlet engine: [Apache Tomcat/10.1.5]
2023-03-15 12:15:41.537 INFO  o.a.c.c.C.[Tomcat].[localhost].[/] - Initializing Spring embedded WebApplicationContext
2023-03-15 12:15:41.537 INFO  o.s.b.w.s.c.ServletWebServerApplicationContext - Root WebApplicationContext: initialization completed in 1755 ms
2023-03-15 12:15:43.063 INFO  o.s.s.web.DefaultSecurityFilterChain - Will secure any request with [org.springframework.security.web.session.DisableEncodeUrlFilter@446e7065, org.springframework.security.web.context.request.async.WebAsyncManagerIntegrationFilter@d653e41, org.springframework.security.web.context.SecurityContextHolderFilter@601eb4af, org.springframework.security.web.header.HeaderWriterFilter@43d65a81, org.springframework.security.web.csrf.CsrfFilter@412ebe64, org.springframework.security.web.authentication.logout.LogoutFilter@50b734c4, org.springframework.security.web.authentication.UsernamePasswordAuthenticationFilter@6274f21c, org.springframework.security.web.authentication.ui.DefaultLoginPageGeneratingFilter@626e0c86, org.springframework.security.web.authentication.ui.DefaultLogoutPageGeneratingFilter@3b78c683, org.springframework.security.web.authentication.www.BasicAuthenticationFilter@76a7fcbd, org.springframework.security.web.savedrequest.RequestCacheAwareFilter@7675c171, org.springframework.security.web.servletapi.SecurityContextHolderAwareRequestFilter@773c2214, org.springframework.security.web.authentication.AnonymousAuthenticationFilter@7f5614f9, org.springframework.security.web.access.ExceptionTranslationFilter@22ead351, org.springframework.security.web.access.intercept.AuthorizationFilter@1d6a8386]
2023-03-15 12:15:43.111 INFO  o.a.coyote.http11.Http11NioProtocol - Starting ProtocolHandler ["http-nio-8080"]
2023-03-15 12:15:43.172 INFO  o.s.b.w.e.tomcat.TomcatWebServer - Tomcat started on port(s): 8080 (http) with context path ''
2023-03-15 12:15:43.189 INFO  c.T.TicTacToeBot.app.Application - Started Application in 3.894 seconds (process running for 4.644)
2023-03-15 12:15:51.544 INFO  o.a.c.c.C.[Tomcat].[localhost].[/] - Initializing Spring DispatcherServlet 'dispatcherServlet'
2023-03-15 12:15:51.544 INFO  o.s.web.servlet.DispatcherServlet - Initializing Servlet 'dispatcherServlet'
2023-03-15 12:15:51.544 INFO  o.s.web.servlet.DispatcherServlet - Completed initialization in 0 ms
