2023-03-14 11:36:36.025 INFO  c.T.TicTacToeBot.app.Application - Starting Application using Java 17.0.2 with PID 15556 (C:\Users\LAP-6\Documents\HTML\Tic_tac_toe\TicTacToeBot.app\target\classes started by LAP-6 in C:\Users\LAP-6\Documents\HTML\Tic_tac_toe\TicTacToeBot.app)
2023-03-14 11:36:36.028 INFO  c.T.TicTacToeBot.app.Application - No active profile set, falling back to 1 default profile: "default"
2023-03-14 11:36:37.288 INFO  o.s.b.w.e.tomcat.TomcatWebServer - Tomcat initialized with port(s): 8080 (http)
2023-03-14 11:36:37.300 INFO  o.a.coyote.http11.Http11NioProtocol - Initializing ProtocolHandler ["http-nio-8080"]
2023-03-14 11:36:37.301 INFO  o.a.catalina.core.StandardService - Starting service [Tomcat]
2023-03-14 11:36:37.333 INFO  o.a.catalina.core.StandardEngine - Starting Servlet engine: [Apache Tomcat/10.1.5]
2023-03-14 11:36:37.532 INFO  o.a.c.c.C.[Tomcat].[localhost].[/] - Initializing Spring embedded WebApplicationContext
2023-03-14 11:36:37.533 INFO  o.s.b.w.s.c.ServletWebServerApplicationContext - Root WebApplicationContext: initialization completed in 1410 ms
2023-03-14 11:36:38.522 INFO  o.a.coyote.http11.Http11NioProtocol - Starting ProtocolHandler ["http-nio-8080"]
2023-03-14 11:36:38.546 INFO  o.s.b.w.e.tomcat.TomcatWebServer - Tomcat started on port(s): 8080 (http) with context path ''
2023-03-14 11:36:38.562 INFO  c.T.TicTacToeBot.app.Application - Started Application in 2.93 seconds (process running for 3.555)
2023-03-14 11:36:43.252 INFO  o.a.c.c.C.[Tomcat].[localhost].[/] - Initializing Spring DispatcherServlet 'dispatcherServlet'
2023-03-14 11:36:43.252 INFO  o.s.web.servlet.DispatcherServlet - Initializing Servlet 'dispatcherServlet'
2023-03-14 11:36:43.252 INFO  o.s.web.servlet.DispatcherServlet - Completed initialization in 0 ms
2023-03-14 11:36:43.538 INFO  c.T.TicTacToeBot.app.Models.Board - Bot Move: 0
2023-03-14 11:59:26.917 INFO  c.T.TicTacToeBot.app.Application - Starting Application using Java 17.0.2 with PID 13548 (C:\Users\LAP-6\Documents\HTML\Tic_tac_toe\TicTacToeBot.app\target\classes started by LAP-6 in C:\Users\LAP-6\Documents\HTML\Tic_tac_toe\TicTacToeBot.app)
2023-03-14 11:59:26.919 INFO  c.T.TicTacToeBot.app.Application - No active profile set, falling back to 1 default profile: "default"
2023-03-14 11:59:28.088 INFO  o.s.b.w.e.tomcat.TomcatWebServer - Tomcat initialized with port(s): 8080 (http)
2023-03-14 11:59:28.105 INFO  o.a.coyote.http11.Http11NioProtocol - Initializing ProtocolHandler ["http-nio-8080"]
2023-03-14 11:59:28.106 INFO  o.a.catalina.core.StandardService - Starting service [Tomcat]
2023-03-14 11:59:28.106 INFO  o.a.catalina.core.StandardEngine - Starting Servlet engine: [Apache Tomcat/10.1.5]
2023-03-14 11:59:28.239 INFO  o.a.c.c.C.[Tomcat].[localhost].[/] - Initializing Spring embedded WebApplicationContext
2023-03-14 11:59:28.239 INFO  o.s.b.w.s.c.ServletWebServerApplicationContext - Root WebApplicationContext: initialization completed in 1279 ms
2023-03-14 11:59:29.178 INFO  o.a.coyote.http11.Http11NioProtocol - Starting ProtocolHandler ["http-nio-8080"]
2023-03-14 11:59:29.233 INFO  o.s.b.w.e.tomcat.TomcatWebServer - Tomcat started on port(s): 8080 (http) with context path ''
2023-03-14 11:59:29.243 INFO  c.T.TicTacToeBot.app.Application - Started Application in 2.644 seconds (process running for 3.303)
2023-03-14 11:59:40.680 INFO  o.a.c.c.C.[Tomcat].[localhost].[/] - Initializing Spring DispatcherServlet 'dispatcherServlet'
2023-03-14 11:59:40.680 INFO  o.s.web.servlet.DispatcherServlet - Initializing Servlet 'dispatcherServlet'
2023-03-14 11:59:40.683 INFO  o.s.web.servlet.DispatcherServlet - Completed initialization in 3 ms
2023-03-14 11:59:40.981 INFO  c.T.T.app.Service.BotService - Bot Move: 0
2023-03-14 11:59:43.274 INFO  c.T.T.app.Service.BotService - Bot Move: 6
2023-03-14 11:59:45.264 INFO  c.T.T.app.Service.BotService - Bot Move: 3
2023-03-14 12:01:26.947 INFO  c.T.T.app.Service.BotService - Bot Move: 0
2023-03-14 12:01:29.216 INFO  c.T.T.app.Service.BotService - Bot Move: 6
2023-03-14 12:01:31.353 INFO  c.T.T.app.Service.BotService - Bot Move: 3
2023-03-14 12:01:38.622 INFO  c.T.T.app.Service.BotService - Bot Move: 0
2023-03-14 12:01:40.314 INFO  c.T.T.app.Service.BotService - Bot Move: 6
2023-03-14 12:01:43.360 INFO  c.T.T.app.Service.BotService - Bot Move: 3
2023-03-14 12:03:35.438 INFO  c.T.T.app.Service.BotService - Bot Move: 0
2023-03-14 12:03:38.618 INFO  c.T.T.app.Service.BotService - Bot Move: 1
2023-03-14 12:11:55.310 INFO  c.T.T.app.Service.BotService - Bot Move: 0
2023-03-14 12:12:00.749 INFO  c.T.T.app.Service.BotService - Bot Move: 1
2023-03-14 12:13:15.389 INFO  c.T.T.app.Service.BotService - Bot Move: 0
2023-03-14 12:13:21.694 INFO  c.T.T.app.Service.BotService - Bot Move: 6
2023-03-14 12:14:32.246 INFO  c.T.T.app.Service.BotService - Bot Move: 0
2023-03-14 12:14:35.292 INFO  c.T.T.app.Service.BotService - Bot Move: 6
2023-03-14 12:14:59.144 INFO  c.T.T.app.Service.BotService - Bot Move: 0
2023-03-14 12:15:01.681 INFO  c.T.T.app.Service.BotService - Bot Move: 6
2023-03-14 12:15:04.373 INFO  c.T.T.app.Service.BotService - Bot Move: 3
2023-03-14 12:17:43.753 INFO  c.T.T.app.Service.BotService - Bot Move: 0
2023-03-14 12:18:28.914 INFO  c.T.T.app.Service.BotService - Bot Move: 0
2023-03-14 12:18:31.161 INFO  c.T.T.app.Service.BotService - Bot Move: 6
2023-03-14 12:18:34.078 INFO  c.T.T.app.Service.BotService - Bot Move: 3
2023-03-14 12:18:52.539 INFO  c.T.T.app.Service.BotService - Bot Move: 0
2023-03-14 12:18:56.495 INFO  c.T.T.app.Service.BotService - Bot Move: 1
2023-03-14 12:18:59.140 INFO  c.T.T.app.Service.BotService - Bot Move: 2
2023-03-14 12:20:31.831 INFO  c.T.T.app.Service.BotService - Bot Move: 0
2023-03-14 12:20:34.415 INFO  c.T.T.app.Service.BotService - Bot Move: 3
2023-03-14 12:20:36.350 INFO  c.T.T.app.Service.BotService - Bot Move: 6
2023-03-14 12:21:05.048 INFO  c.T.T.app.Service.BotService - Bot Move: 0
2023-03-14 12:21:06.964 INFO  c.T.T.app.Service.BotService - Bot Move: 3
2023-03-14 12:21:08.764 INFO  c.T.T.app.Service.BotService - Bot Move: 6
2023-03-14 12:23:00.501 INFO  c.T.T.app.Service.BotService - Bot Move: 0
2023-03-14 12:23:03.803 INFO  c.T.T.app.Service.BotService - Bot Move: 7
2023-03-14 12:25:51.528 INFO  c.T.T.app.Service.BotService - Bot Move: 0
2023-03-14 12:25:53.192 INFO  c.T.T.app.Service.BotService - Bot Move: 3
2023-03-14 12:25:56.126 INFO  c.T.T.app.Service.BotService - Bot Move: 6
2023-03-14 12:26:48.088 INFO  c.T.T.app.Service.BotService - Bot Move: 0
2023-03-14 12:27:21.656 INFO  c.T.T.app.Service.BotService - Bot Move: 0
2023-03-14 12:27:23.789 INFO  c.T.T.app.Service.BotService - Bot Move: 6
2023-03-14 12:27:25.345 INFO  c.T.T.app.Service.BotService - Bot Move: 3
2023-03-14 12:37:51.178 INFO  c.T.T.app.Service.BotService - Bot Move: 0
2023-03-14 12:37:53.838 INFO  c.T.T.app.Service.BotService - Bot Move: 1
2023-03-14 12:37:55.964 INFO  c.T.T.app.Service.BotService - Bot Move: 2
2023-03-14 12:42:49.038 INFO  c.T.T.app.Service.BotService - Bot Move: 0
2023-03-14 12:42:50.976 INFO  c.T.T.app.Service.BotService - Bot Move: 3
2023-03-14 12:46:44.762 INFO  c.T.T.app.Service.BotService - Bot Move: 0
2023-03-14 12:46:48.078 INFO  c.T.T.app.Service.BotService - Bot Move: 6
2023-03-14 12:46:50.081 INFO  c.T.T.app.Service.BotService - Bot Move: 3
2023-03-14 13:56:17.814 INFO  c.T.T.app.Service.BotService - Bot Move: 0
2023-03-14 14:01:00.187 INFO  c.T.T.app.Service.BotService - Bot Move: 0
2023-03-14 14:56:06.793 INFO  c.T.TicTacToeBot.app.Application - Starting Application using Java 17.0.2 with PID 9944 (C:\Users\LAP-6\Documents\HTML\Tic_tac_toe\TicTacToeBot.app\target\classes started by LAP-6 in C:\Users\LAP-6\Documents\HTML\Tic_tac_toe\TicTacToeBot.app)
2023-03-14 14:56:06.797 INFO  c.T.TicTacToeBot.app.Application - No active profile set, falling back to 1 default profile: "default"
2023-03-14 14:56:08.289 INFO  o.s.b.w.e.tomcat.TomcatWebServer - Tomcat initialized with port(s): 8080 (http)
2023-03-14 14:56:08.324 INFO  o.a.coyote.http11.Http11NioProtocol - Initializing ProtocolHandler ["http-nio-8080"]
2023-03-14 14:56:08.326 INFO  o.a.catalina.core.StandardService - Starting service [Tomcat]
2023-03-14 14:56:08.327 INFO  o.a.catalina.core.StandardEngine - Starting Servlet engine: [Apache Tomcat/10.1.5]
2023-03-14 14:56:08.587 INFO  o.a.c.c.C.[Tomcat].[localhost].[/] - Initializing Spring embedded WebApplicationContext
2023-03-14 14:56:08.588 INFO  o.s.b.w.s.c.ServletWebServerApplicationContext - Root WebApplicationContext: initialization completed in 1742 ms
2023-03-14 14:56:10.002 INFO  o.a.coyote.http11.Http11NioProtocol - Starting ProtocolHandler ["http-nio-8080"]
2023-03-14 14:56:10.029 INFO  o.s.b.w.e.tomcat.TomcatWebServer - Tomcat started on port(s): 8080 (http) with context path ''
2023-03-14 14:56:10.043 INFO  c.T.TicTacToeBot.app.Application - Started Application in 3.632 seconds (process running for 4.406)
2023-03-14 14:58:13.593 INFO  c.T.TicTacToeBot.app.Application - Starting Application using Java 17.0.2 with PID 15136 (C:\Users\LAP-6\Documents\HTML\Tic_tac_toe\TicTacToeBot.app\target\classes started by LAP-6 in C:\Users\LAP-6\Documents\HTML\Tic_tac_toe\TicTacToeBot.app)
2023-03-14 14:58:13.596 INFO  c.T.TicTacToeBot.app.Application - No active profile set, falling back to 1 default profile: "default"
2023-03-14 14:58:14.645 INFO  o.s.b.w.e.tomcat.TomcatWebServer - Tomcat initialized with port(s): 8080 (http)
2023-03-14 14:58:14.653 INFO  o.a.coyote.http11.Http11NioProtocol - Initializing ProtocolHandler ["http-nio-8080"]
2023-03-14 14:58:14.654 INFO  o.a.catalina.core.StandardService - Starting service [Tomcat]
2023-03-14 14:58:14.655 INFO  o.a.catalina.core.StandardEngine - Starting Servlet engine: [Apache Tomcat/10.1.5]
2023-03-14 14:58:14.763 INFO  o.a.c.c.C.[Tomcat].[localhost].[/] - Initializing Spring embedded WebApplicationContext
2023-03-14 14:58:14.763 INFO  o.s.b.w.s.c.ServletWebServerApplicationContext - Root WebApplicationContext: initialization completed in 1127 ms
2023-03-14 14:58:16.373 INFO  o.a.coyote.http11.Http11NioProtocol - Starting ProtocolHandler ["http-nio-8080"]
2023-03-14 14:58:16.400 INFO  o.s.b.w.e.tomcat.TomcatWebServer - Tomcat started on port(s): 8080 (http) with context path ''
2023-03-14 14:58:16.418 INFO  c.T.TicTacToeBot.app.Application - Started Application in 3.184 seconds (process running for 3.792)
2023-03-14 14:59:23.394 INFO  o.a.c.c.C.[Tomcat].[localhost].[/] - Initializing Spring DispatcherServlet 'dispatcherServlet'
2023-03-14 14:59:23.410 INFO  o.s.web.servlet.DispatcherServlet - Initializing Servlet 'dispatcherServlet'
2023-03-14 14:59:23.410 INFO  o.s.web.servlet.DispatcherServlet - Completed initialization in 0 ms
2023-03-14 14:59:23.742 INFO  c.T.T.app.Service.BotService - Bot Move: 2
2023-03-14 14:59:26.123 INFO  c.T.T.app.Service.BotService - Bot Move: 6
2023-03-14 14:59:30.944 INFO  c.T.T.app.Service.BotService - Bot Move: 0
2023-03-14 14:59:33.170 INFO  c.T.T.app.Service.BotService - Bot Move: 6
2023-03-14 14:59:35.130 INFO  c.T.T.app.Service.BotService - Bot Move: 5
2023-03-14 14:59:37.980 INFO  c.T.T.app.Service.BotService - Bot Move: 1
2023-03-14 15:02:26.281 INFO  c.T.T.app.Service.BotService - Bot Move: 3
2023-03-14 17:30:57.127 INFO  c.T.TicTacToeBot.app.Application - Starting Application using Java 17.0.2 with PID 6152 (C:\Users\LAP-6\Documents\HTML\Tic_tac_toe\TicTacToeBot.app\target\classes started by LAP-6 in C:\Users\LAP-6\Documents\HTML\Tic_tac_toe\TicTacToeBot.app)
2023-03-14 17:30:57.132 INFO  c.T.TicTacToeBot.app.Application - No active profile set, falling back to 1 default profile: "default"
2023-03-14 17:30:58.644 INFO  o.s.b.w.e.tomcat.TomcatWebServer - Tomcat initialized with port(s): 8080 (http)
2023-03-14 17:30:58.655 INFO  o.a.coyote.http11.Http11NioProtocol - Initializing ProtocolHandler ["http-nio-8080"]
2023-03-14 17:30:58.655 INFO  o.a.catalina.core.StandardService - Starting service [Tomcat]
2023-03-14 17:30:58.656 INFO  o.a.catalina.core.StandardEngine - Starting Servlet engine: [Apache Tomcat/10.1.5]
2023-03-14 17:30:58.784 INFO  o.a.c.c.C.[Tomcat].[localhost].[/] - Initializing Spring embedded WebApplicationContext
2023-03-14 17:30:58.784 INFO  o.s.b.w.s.c.ServletWebServerApplicationContext - Root WebApplicationContext: initialization completed in 1587 ms
2023-03-14 17:30:59.913 INFO  o.a.coyote.http11.Http11NioProtocol - Starting ProtocolHandler ["http-nio-8080"]
2023-03-14 17:30:59.929 INFO  o.s.b.w.e.tomcat.TomcatWebServer - Tomcat started on port(s): 8080 (http) with context path ''
2023-03-14 17:30:59.958 INFO  c.T.TicTacToeBot.app.Application - Started Application in 3.228 seconds (process running for 3.988)
2023-03-14 17:31:54.348 INFO  o.a.c.c.C.[Tomcat].[localhost].[/] - Initializing Spring DispatcherServlet 'dispatcherServlet'
2023-03-14 17:31:54.348 INFO  o.s.web.servlet.DispatcherServlet - Initializing Servlet 'dispatcherServlet'
2023-03-14 17:31:54.348 INFO  o.s.web.servlet.DispatcherServlet - Completed initialization in 0 ms
2023-03-14 17:31:54.570 INFO  c.T.T.app.Service.BotService - Bot Move: 4
2023-03-14 17:32:01.078 INFO  c.T.T.app.Service.BotService - Bot Move: 8
2023-03-14 17:32:03.657 INFO  c.T.T.app.Service.BotService - Bot Move: 3
2023-03-14 17:32:07.924 INFO  c.T.T.app.Service.BotService - Bot Move: 2
2023-03-14 17:32:25.341 INFO  c.T.T.app.Service.BotService - Bot Move: 0
2023-03-14 17:32:28.869 INFO  c.T.T.app.Service.BotService - Bot Move: 2
2023-03-14 17:32:32.915 INFO  c.T.T.app.Service.BotService - Bot Move: 4
2023-03-14 17:32:41.887 INFO  c.T.T.app.Service.BotService - Bot Move: 8
2023-03-14 17:32:57.935 INFO  c.T.T.app.Service.BotService - Bot Move: 0
2023-03-14 17:33:01.292 INFO  c.T.T.app.Service.BotService - Bot Move: 7
2023-03-14 17:33:07.376 INFO  c.T.T.app.Service.BotService - Bot Move: 5
2023-03-14 17:33:12.081 INFO  c.T.T.app.Service.BotService - Bot Move: 2
2023-03-14 17:33:37.843 INFO  c.T.T.app.Service.BotService - Bot Move: 0
2023-03-14 17:33:41.337 INFO  c.T.T.app.Service.BotService - Bot Move: 2
2023-03-14 17:33:43.255 INFO  c.T.T.app.Service.BotService - Bot Move: 7
2023-03-14 17:33:47.537 INFO  c.T.T.app.Service.BotService - Bot Move: 3
2023-03-14 17:33:55.133 INFO  c.T.T.app.Service.BotService - Bot Move: 0
2023-03-14 17:33:58.316 INFO  c.T.T.app.Service.BotService - Bot Move: 5
2023-03-14 17:34:01.402 INFO  c.T.T.app.Service.BotService - Bot Move: 6
2023-03-14 17:34:07.897 INFO  c.T.T.app.Service.BotService - Bot Move: 7
2023-03-14 17:34:12.812 INFO  c.T.T.app.Service.BotService - Bot Move: 0
2023-03-14 17:34:14.030 INFO  c.T.T.app.Service.BotService - Bot Move: 3
2023-03-14 17:34:16.787 INFO  c.T.T.app.Service.BotService - Bot Move: 6
2023-03-14 17:34:22.661 INFO  c.T.T.app.Service.BotService - Bot Move: 0
2023-03-14 17:34:30.815 INFO  c.T.T.app.Service.BotService - Bot Move: 1
2023-03-14 17:34:32.752 INFO  c.T.T.app.Service.BotService - Bot Move: 5
2023-03-14 17:34:46.620 INFO  c.T.T.app.Service.BotService - Bot Move: 7
2023-03-14 17:34:48.463 INFO  c.T.T.app.Service.BotService - Bot Move: 0
2023-03-14 17:42:21.651 INFO  c.T.T.app.Service.BotService - Bot Move: 0
2023-03-14 17:42:23.788 INFO  c.T.T.app.Service.BotService - Bot Move: 3
2023-03-14 17:42:31.821 INFO  c.T.T.app.Service.BotService - Bot Move: 6
2023-03-14 17:42:40.603 INFO  c.T.T.app.Service.BotService - Bot Move: 7
2023-03-14 17:42:42.697 INFO  c.T.T.app.Service.BotService - Bot Move: 0
2023-03-14 17:43:04.239 INFO  c.T.T.app.Service.BotService - Bot Move: 2
2023-03-14 17:43:06.894 INFO  c.T.T.app.Service.BotService - Bot Move: 6
2023-03-14 17:43:08.322 INFO  c.T.T.app.Service.BotService - Bot Move: 8
